
> frontend@0.1.0 dev
> next dev --hostname 127.0.0.1 --port 3000

▲ Next.js 16.2.4 (Turbopack)
- Local:         http://127.0.0.1:3000
- Network:       http://127.0.0.1:3000
- Environments: .env.local
✓ Ready in 1467ms
Creating turbopack project {
  dir: 'C:\\Users\\HP\\OneDrive\\Desktop\\ELV CONNECT\\frontend',
  testMode: true
}

 GET / 200 in 1871ms (next.js: 1051ms, application-code: 820ms)
 GET / 200 in 829ms (next.js: 15ms, application-code: 814ms)
 GET /jobs 200 in 852ms (next.js: 222ms, application-code: 630ms)
 GET /dashboard/jobs/create 200 in 865ms (next.js: 372ms, application-code: 494ms)
 GET / 200 in 218ms (next.js: 14ms, application-code: 204ms)
✓ Compiled in 2.5s
 GET / 200 in 463ms (next.js: 311ms, application-code: 152ms)
✓ Compiled in 238ms
 GET / 200 in 390ms (next.js: 278ms, application-code: 112ms)
 GET / 200 in 504ms (next.js: 8ms, application-code: 497ms)
