Error: BSONError: input must be a 24 character hex string, 12 byte Uint8Array, or an integer
    at new ObjectId (C:\Users\HP\OneDrive\Desktop\ELV CONNECT\backend\node_modules\bson\src\objectid.ts:113:15)
    at Object.getInvoice (C:\Users\HP\OneDrive\Desktop\ELV CONNECT\backend\src\modules\invoices\invoice.service.ts:130:10)
    at getInvoice (C:\Users\HP\OneDrive\Desktop\ELV CONNECT\backend\src\modules\invoices\invoice.controller.ts:36:42)
    at Layer.handleRequest (C:\Users\HP\OneDrive\Desktop\ELV CONNECT\backend\node_modules\router\lib\layer.js:152:17)
    at next (C:\Users\HP\OneDrive\Desktop\ELV CONNECT\backend\node_modules\router\lib\route.js:157:13)
    at Route.dispatch (C:\Users\HP\OneDrive\Desktop\ELV CONNECT\backend\node_modules\router\lib\route.js:117:3)
    at handle (C:\Users\HP\OneDrive\Desktop\ELV CONNECT\backend\node_modules\router\index.js:435:11)
    at Layer.handleRequest (C:\Users\HP\OneDrive\Desktop\ELV CONNECT\backend\node_modules\router\lib\layer.js:152:17)
    at C:\Users\HP\OneDrive\Desktop\ELV CONNECT\backend\node_modules\router\index.js:295:15
    at param (C:\Users\HP\OneDrive\Desktop\ELV CONNECT\backend\node_modules\router\index.js:600:14)
Error: BSONError: input must be a 24 character hex string, 12 byte Uint8Array, or an integer
    at new ObjectId (C:\Users\HP\OneDrive\Desktop\ELV CONNECT\backend\node_modules\bson\src\objectid.ts:113:15)
    at Object.getInvoice (C:\Users\HP\OneDrive\Desktop\ELV CONNECT\backend\src\modules\invoices\invoice.service.ts:130:10)
    at getInvoice (C:\Users\HP\OneDrive\Desktop\ELV CONNECT\backend\src\modules\invoices\invoice.controller.ts:36:42)
    at Layer.handleRequest (C:\Users\HP\OneDrive\Desktop\ELV CONNECT\backend\node_modules\router\lib\layer.js:152:17)
    at next (C:\Users\HP\OneDrive\Desktop\ELV CONNECT\backend\node_modules\router\lib\route.js:157:13)
    at Route.dispatch (C:\Users\HP\OneDrive\Desktop\ELV CONNECT\backend\node_modules\router\lib\route.js:117:3)
    at handle (C:\Users\HP\OneDrive\Desktop\ELV CONNECT\backend\node_modules\router\index.js:435:11)
    at Layer.handleRequest (C:\Users\HP\OneDrive\Desktop\ELV CONNECT\backend\node_modules\router\lib\layer.js:152:17)
    at C:\Users\HP\OneDrive\Desktop\ELV CONNECT\backend\node_modules\router\index.js:295:15
    at param (C:\Users\HP\OneDrive\Desktop\ELV CONNECT\backend\node_modules\router\index.js:600:14)
Error: BSONError: input must be a 24 character hex string, 12 byte Uint8Array, or an integer
    at new ObjectId (C:\Users\HP\OneDrive\Desktop\ELV CONNECT\backend\node_modules\bson\src\objectid.ts:113:15)
    at Object.getInvoice (C:\Users\HP\OneDrive\Desktop\ELV CONNECT\backend\src\modules\invoices\invoice.service.ts:130:10)
    at getInvoice (C:\Users\HP\OneDrive\Desktop\ELV CONNECT\backend\src\modules\invoices\invoice.controller.ts:36:42)
    at Layer.handleRequest (C:\Users\HP\OneDrive\Desktop\ELV CONNECT\backend\node_modules\router\lib\layer.js:152:17)
    at next (C:\Users\HP\OneDrive\Desktop\ELV CONNECT\backend\node_modules\router\lib\route.js:157:13)
    at Route.dispatch (C:\Users\HP\OneDrive\Desktop\ELV CONNECT\backend\node_modules\router\lib\route.js:117:3)
    at handle (C:\Users\HP\OneDrive\Desktop\ELV CONNECT\backend\node_modules\router\index.js:435:11)
    at Layer.handleRequest (C:\Users\HP\OneDrive\Desktop\ELV CONNECT\backend\node_modules\router\lib\layer.js:152:17)
    at C:\Users\HP\OneDrive\Desktop\ELV CONNECT\backend\node_modules\router\index.js:295:15
    at param (C:\Users\HP\OneDrive\Desktop\ELV CONNECT\backend\node_modules\router\index.js:600:14)
Error: Error: Invalid or expired reset token
    at Object.resetPassword (C:\Users\HP\OneDrive\Desktop\ELV CONNECT\backend\src\modules\auth\auth.service.ts:298:17)
    at processTicksAndRejections (node:internal/process/task_queues:104:5)
    at resetPassword (C:\Users\HP\OneDrive\Desktop\ELV CONNECT\backend\src\modules\auth\auth.controller.ts:228:5) {
  statusCode: 400,
  code: 'INVALID_REQUEST'
}
(node:21884) [MONGOOSE] Warning: mongoose: the `new` option for `findOneAndUpdate()` and `findOneAndReplace()` is deprecated. Use `returnDocument: 'after'` instead.
(Use `node --trace-warnings ...` to show where the warning was created)
(node:21884) [MONGOOSE] Warning: mongoose: the `new` option for `findOneAndUpdate()` and `findOneAndReplace()` is deprecated. Use `returnDocument: 'after'` instead.
(node:21884) [MONGOOSE] Warning: mongoose: the `new` option for `findOneAndUpdate()` and `findOneAndReplace()` is deprecated. Use `returnDocument: 'after'` instead.
Error: Error: Only draft invoices can be deleted
    at Object.deleteInvoice (C:\Users\HP\OneDrive\Desktop\ELV CONNECT\backend\src\modules\invoices\invoice.service.ts:198:37)
    at processTicksAndRejections (node:internal/process/task_queues:104:5)
    at deleteInvoice (C:\Users\HP\OneDrive\Desktop\ELV CONNECT\backend\src\modules\invoices\invoice.controller.ts:57:20) {
  statusCode: 400,
  code: 'INVALID_REQUEST'
}
(node:21884) [MONGOOSE] Warning: mongoose: the `new` option for `findOneAndUpdate()` and `findOneAndReplace()` is deprecated. Use `returnDocument: 'after'` instead.
(node:21884) [MONGOOSE] Warning: mongoose: the `new` option for `findOneAndUpdate()` and `findOneAndReplace()` is deprecated. Use `returnDocument: 'after'` instead.
(node:5604) [MONGOOSE] Warning: mongoose: the `new` option for `findOneAndUpdate()` and `findOneAndReplace()` is deprecated. Use `returnDocument: 'after'` instead.
(Use `node --trace-warnings ...` to show where the warning was created)
(node:5604) [MONGOOSE] Warning: mongoose: the `new` option for `findOneAndUpdate()` and `findOneAndReplace()` is deprecated. Use `returnDocument: 'after'` instead.
(node:5604) [MONGOOSE] Warning: mongoose: the `new` option for `findOneAndUpdate()` and `findOneAndReplace()` is deprecated. Use `returnDocument: 'after'` instead.
Error: VersionError: No matching document found for id "69f24458d143f96a44f8c7a4" version 59 modifiedPaths "refreshTokens"
    at generateVersionError (C:\Users\HP\OneDrive\Desktop\ELV CONNECT\backend\node_modules\mongoose\lib\model.js:590:10)
    at model.save (C:\Users\HP\OneDrive\Desktop\ELV CONNECT\backend\node_modules\mongoose\lib\model.js:652:30)
    at Object.logout (C:\Users\HP\OneDrive\Desktop\ELV CONNECT\backend\src\modules\auth\auth.service.ts:271:14)
    at logout (C:\Users\HP\OneDrive\Desktop\ELV CONNECT\backend\src\modules\auth\auth.controller.ts:202:7) {
  version: 59,
  modifiedPaths: [ 'refreshTokens' ]
}
